[    0.000000] Linux version 4.15.0-72-generc (uildlcy0-amd64-026) cc version 7.4.0 (Uuntu 7.4.0-1ubuntu1~18.04.1)) #81-Ubuntu SMP Tue Nov 26 12:20:02 UTC 2019 (Ubuntu 4.15.0-72.81-generic 4.15.18)
[    0.000000] Command line: BOOT_IMAGE=/boot/vmlinuz-4.15.0-72-generi ro=UUID=65f13bad-aa48-4f5e-b551-df2e6d39fa51 ro console=tty1 console=ttyS0
[   0.000000] KERNEL supported cpus:
[  0.00000]   Intel nnuineInl
[    .0000]    AMD AuthenticAMD
[   0.000000   Centaur CentaurHauls
[   0.000000] x86/fpu: Supporting XSAVE feature 0x001: 'x87 floating point registers'
[  0.000000] x86/fpu: Supporting XSAVE feature 0x002: 'SSE registers'
[   0.00000] x86/fpu: Supporting XSAVE feature 0x004: 'AVX regisers'
[    0.000000] x86/fpu: xstate_offse[2]  576, xstate_sizes[2]:  256
[    0.00000] x86/fpu: Enabled xstate features 0x7, context size is 832 bytes, using 'standard' format.
[    0.000000] e820: BIOS-provided physical RAM map:
[    0.000000] BIOS-e820: [mem 0x0000000000000000-0x000000000009fbff] usable
[    0.000000] BIOS-e820: [mem 0x000000000009fc00-0x000000000009ffff] reserved
[    0.000000] BIOS-e820: [mem 0x00000000000f0000-0x00000000000fffff] reserved
[    0.000000] BIOS-e820: [mem 0x0000000000100000-0x000000003ffeffff] usable
[    0.000000] BIOS-e820: [mem 0x000000003fff0000-0x000000003fffffff] ACPI data
[    0.000000] BIOS-e820: [mem 0x00000000fec00000-0x00000000fec00fff] reserved
[    0.000000] BIOS-e820: [mem 0x00000000fee00000-0x00000000fee00fff] reserved
[    0.000000] BIOS-e820: [mem 0x00000000fffc0000-0x00000000ffffffff] reserved
[    0.000000] NX (Execute Disable) protection: active
[    0.000000] SMBIOS 2.5 present.
[    0.000000] DMI: innotek GmbH VirtualBox/VirtualBox, BIOS VirtualBox 12/01/2006
[    0.000000] Hypervisor detected: KVM
[    0.000000] e820: last_pfn = 0x3fff0 max_arch_pfn = 0x400000000
[    0.000000] MTRR: Disabled
[    0.000000] x86/PAT: MTRRs disabled, skipping PAT initialization too.
[    0.000000] CPU MTRRs all blank - virtualized system.
[    0.000000] x86/PAT: Configuration [0-7]: WB  WT  UC- UC  WB  WT  UC- UC  
[    0.000000] found SMP MP-table at [mem 0x0009fff0-0x0009ffff]
[    0.000000] Scanning 1 areas for low memory corruption
[    0.000000] RAMDISK: [mem 0x35967000-0x36caafff]
[    0.000000] ACPI: Early table checksum verification disabled
[    0.000000] ACPI: RSDP 0x00000000000E0000 000024 (v02 VBOX  )
[    0.000000] ACPI: XSDT 0x000000003FFF0030 00003C (v01 VBOX   VBOXXSDT 00000001 ASL  0000061)
[    0.000000] ACPI: FACP 0x000000003FFF00F0 0000F4 (v04 VBOX   VBOXFACP 00000001 ASL  00000061)
[    0.000000] ACPI: DSDT 0x000000003FFF0470 0021FF (v02 VBOX   VBOXBIOS 00000002 INTL 20100528)
[    0.000000] ACPI: FACS 0x000000003FFF0200 000040
[    0.000000] ACPI: FACS 0x000000003FFF0200 000040
[    0.000000] ACPI: APIC 0x000000003FFF0240 00005C (v02 VBOX   VBOXAPIC 00000001 ASL  00000061)
[    0.000000] ACPI: SSDT 0x000000003FFF02A0 0001CC (v01 VBOX   VBOXCPUT 00000002 INTL 20100528)
[    0.000000] No NUMA configuration found
[    0.000000] Faking a node at [mem 0x0000000000000000-0x000000003ffeffff]
[    0.000000] NODE_DATA(0) allocated [mem 0x3ffc5000-0x3ffeffff]
[    0.000000] kvm-clock: cpu 0, msr 0:3ff44001, primry cpu clock
[    0.000000] kvm-clock: Using msrs 4b564d01 and 4b564d00
[    0.000000] kvm-clock: using sched offset of 4129176260 cycles
[    0.000000] clocksource: kvm-clock: mask: 0xffffffffffffffff max_cycles: 0x1cd42e4dffb, max_idle_ns: 881590591483 ns
[    0.000000] Zone ranges:
[   0.000]   DMA      [mem 0x0000000000001000-0x0000000000ffffff]
[   0.00000] DMA32    mem 0x0000000100000-000000003ffefff]
[   0.000000]   Normal   empty
[    0.000000]   Device   empty
[    0.000000] Movable zone start for each node
[    0.00000] Early memory node ranges
[    0.000000]   node   0: [mem 0x0000000000001000-0x000000000009efff]
[    0.000000]   node   0: [mem 0x0000000000100000-0x000000003ffeffff]
[    0.000000] Reserved but unavailable: 98 pages
[    0.000000] Initmem setup node 0 [mem 0x0000000000001000-0x000000003ffeffff]
[    0.000000] ACPI: PM-Timer IO Port: 0x4008
[    0.000000] IOAPIC[0]: apic_id 2, version 32, address 0xfec00000, GSI 0-23
[    0.000000] ACPI: INT_SRC_OVR (bus 0 bus_irq 0 global_irq 2 dfl dfl)
[    0.000000] ACPI: INT_SRC_OVR (bus 0 bus_irq 9 global_irq 9 low level)
[    0.000000] Using ACPI (MADT) for SMP configuration information
[    0.000000] smpboot: Allowing 2 CPUs, 0 hotplug CPUs
[    0.000000] PM: Registered nosave memory: [mem 0x00000000-0x00000fff]
[    0.000000] PM: Registered nosave memory: [mem 0x0009f000-0x0009ffff]
[    0.000000] PM: Registered nosave memory: [mem 0x000a0000-0x000effff]
[    0.000000] PM: Registered nosave memory: [mem 0x000f0000-0x000fffff]
[    0.000000] e820: [mem 0x40000000-0xfebfffff] available for PCI devices
[    0.000000] Booting paravirtualized kernel on KVM
[    0.000000] clocksource: refined-jiffies: mask: 0xffffffff max_cycles: 0xffffffff, max_idle_ns: 7645519600211568 ns
[    0.000000] random: get_random_bytes called from start_kernel+0x99/0x4fd with crng_init=0
[    0.000000] setup_percpu: NR_CPUS:8192 nr_cpumask_bits:2 nr_cpu_ids:2 nr_node_ids:1
[    0.000000] percpu: Embedded 45 pages/cpu s147456 r8192 d28672 u1048576
[    0.000000] PV qspinlock hash table entries: 256 (order: 0, 4096 bytes)
[    0.000000] Built 1 zonelists, mobility grouping on.  Total pages: 257913
[    0.000000] Policy zone: DMA32
[    0.000000] Kernel command line: BOOT_IMAGE=/boot/vmlinuz-4.15.0-72-generic root=UUID=65f13bad-aa48-4f5e-b551-df2e6d39fa51 ro console=tty1 console=ttyS0
[    0.000000] Memory: 982868K/1048120K available (12300K kernel code, 2481K rwdata, 4264K rodata, 2428K init, 2388K bss, 65252K reserved, 0K cma-reserved)
[    0.000000] SLUB: HWalign=64, Order=0-3, MinObjects=0, CPUs=2, Nodes=1
[    0.000000] Kernel/User page tables isolation: enabled
[    0.000000] ftrace: allocating 39318 entries in 154 pages
[    0.004000] Hierarchical RCU implementation.
[    0.004000] 	RCU restricting CPUs from NR_CPUS=8192 to nr_cpu_ids=2.
[    0.004000] 	Tasks RCU enabled
[    0.004000] RCU: Adjusting geometry for rcu_fanout_leaf=16, nr_cpu_ids=2
[    0.004000] NR_IRQS: 524544, nr_irqs: 440, preallocated irqs: 16
[    0.004000] Console: colour VGA+ 80x25
[    0.004000] console [tty1] enabled
[    0.004000] console [ttyS0] enabled
[    0.004000] ACPI: Core revision 20170831
[    0.004000] ACPI: 2 ACPI AML tables successfully acquired and loaded
[    0.004000] APIC: Switch to symmetric I/O mode setup
[    0.004000] x2apic enabled
[    0.004000] Switched APIC routing to physical x2apic.
[    0.004000] ..TIMER: vector=0x30 apic1=0 pin1=2 apic2=-1 pin2=-1
[    0.004004] tsc: Detected 2712.002 MHz processor
[    0.005096] Calibrating delay loop (skipped) preset value.. 5424.00 BogoMIPS (lpj=10848008)
[    0.008004] pid_max: default: 32768 minimum: 301
[    0.009101] Security Framework initialized
[    0.010059] Yama: becoming mindful.
[    0.012025] AppArmor: AppArmor initialized
[    0.016000] Dentry cache hash table entries: 131072 (order: 8, 1048576 bytes)
[    0.016092] Inode-cache hash table entries: 65536 (order: 7, 524288 bytes)
[    0.018301] Mount-cache hash table entries: 2048 (order: 2, 16384 bytes)
[    0.020014] Mountpoint-cache hash table entries: 2048 (order: 2, 16384 bytes)
[    0.021824] Last level iTLB entries: 4KB 64, 2MB 8, 4MB 8
[    0.024004] Last level dTLB entries: 4KB 64, 2MB 0, 4MB 0, 1GB 4
[    0.025239] Spectre V1 : Mitigation: usercopy/swapgs barriers and __user pointer sanitization
[    0.027011] Spectre V2 : Mitigation: Full generic retpoline
[    0.028003] Spectre V2 : Spectre v2 / SpectreRSB mitigation: Filling RSB on context switch
[    0.030131] Speculative Store Bypass: Vulnerable
[    0.032087] MDS: Vulnerable: Clear CPU buffers attempted, no microcode
[    0.036227] Freeing SMP alternatives memory: 36K
[    0.148107] smpboot: CPU0: Intel(R) Core(TM) i5-7200U CPU @ 2.50GHz (family: 0x6, model: 0x8e, stepping: 0x9)
[    0.151334] Performance Events: unsupported p6 CPU model 142 no PMU driver, software events only.
[    0.152077] Hierarchical SRCU implementation.
[    0.156900] NMI watchdog: Perf event create on CPU 0 failed with -2
[    0.158976] NMI watchdog: Perf NMI watchdog permanently disabled
[    0.160102] smp: Bringing up secondary CPUs ...
[    0.161840] x86: Booting SMP configuration:
[    0.164008] .... node  #0, CPUs:      #1
[    0.004000] kvm-clock: cpu 1, msr 0:3ff44041, secondary cpu clock
[    0.168035] smp: Brought up 1 node, 2 CPUs
[    0.169446] smpboot: Max logical packages: 1
[    0.170668] smpboot: Total of 2 processors activated (10848.00 BogoMIPS)
[    0.172213] devtmpfs: initialized
[    0.173386] x86/mm: Memory block size: 128MB
[    0.176256] evm: security.selinux
[    0.178462] evm: security.SMACK64
[    0.180010] evm: security.SMACK64EXEC
[    0.181497] evm: security.SMACK64TRANSMUTE
[    0.182887] evm: security.SMACK64MMAP
[    0.184007] evm: security.apparmor
[    0.185029] evm: security.ima
[    0.185910] evm: security.capability
[    0.188199] clocksource: jiffies: mask: 0xffffffff max_cycles: 0xffffffff, max_idle_ns: 7645041785100000 ns
[    0.190806] futex hash table entries: 512 (order: 3, 32768 bytes)
[    0.196043] pinctrl core: initialized pinctrl subsystem
[    0.197950] RTC time:  5:21:42, date: 12/11/19
[    0.199432] NET: Registered protocol family 16
[    0.200131] audit: initializing netlink subsys (disabled)
[    0.201918] audit: type=2000 audit(1576041706.329:1): state=initialized audit_enabled=0 res=1
[    0.204029] cpuidle: using governor ladder
[    0.205233] cpuidle: using governor menu
[    0.208070] ACPI: bus type PCI registered
[    0.209517] acpiphp: ACPI Hot Plug PCI Controller Driver version: 0.5
[    0.212300] PCI: Using configuration type 1 for base access
[    0.216069] HugeTLB registered 2.00 MiB page size, pre-allocated 0 pages
[    0.218074] ACPI: Added _OSI(Module Device)
[    0.218074] ACPI: Added _OSI(Processor Device)
[    0.220019] ACPI: Added _OSI(3.0 _SCP Extensions)
[    0.221683] ACPI: Added _OSI(Processor Aggregator Device)
[    0.223145] ACPI: Added _OSI(Linux-Dell-Video)
[    0.224024] ACPI: Added _OSI(Linux-Lenovo-NV-HDMI-Audio)
[    0.228013] ACPI: Added _OSI(Linux-HPI-Hybrid-Graphics)
[    0.230635] ACPI: Executed 1 blocks of module-level executable AML code
[    0.240178] ACPI: Interpreter enabled
[    0.241547] ACPI: (supports S0 S5)
[    0.242695] ACPI: Using IOAPIC for interrupt routing
[    0.244000] PCI: Using host bridge windows from ACPI; if necessary, use "pci=nocrs" and report a bug
[    0.244269] ACPI: Enabled 2 GPEs in block 00 to 07
[    0.259090] ACPI: PCI Root Bridge [PCI0] (domain 0000 [bus 00-ff])
[    0.260013] acpi PNP0A03:00: _OSC: OS supports [ASPM ClockPM Segments MSI]
[    0.261878] acpi PNP0A03:00: _OSC: not requesting OS control; OS requires [ExtendedConfig ASPM ClockPM MSI]
[    0.264030] acpi PNP0A03:00: fail to add MMCONFIG information, can't access extended PCI configuration space under this bridge.
[    0.268496] PCI host bridge to bus 0000:00
[    0.269914] pci_bus 0000:00: root bus resource [io  0x0000-0x0cf7 window]
[    0.272009] pci_bus 0000:00: root bus resource [io  0x0d00-0xffff window]
[    0.273821] pci_bus 0000:00: root bus resource [mem 0x000a0000-0x000bffff window]
[    0.276011] pci_bus 0000:00: root bus resource [mem 0x40000000-0xfdffffff window]
[    0.277976] pci_bus 0000:00: root bus resource [bus 00-ff]
[    0.284087] pci 0000:00:01.1: legacy IDE quirk: reg 0x10: [io  0x01f0-0x01f7]
[    0.286712] pci 0000:00:01.1: legacy IDE quirk: reg 0x14: [io  0x03f6]
[    0.288011] pci 0000:00:01.1: legacy IDE quirk: reg 0x18: [io  0x0170-0x0177]
[    0.290454] pci 0000:00:01.1: legacy IDE quirk: reg 0x1c: [io  0x0376]
[    0.316963] pci 0000:00:07.0: quirk: [io  0x4000-0x403f] claimed by PIIX4 ACPI
[    0.319384] pci 0000:00:07.0: quirk: [io  0x4100-0x410f] claimed by PIIX4 SMB
[    0.336411] ACPI: PCI Interrupt Link [LNKA] (IRQs 5 9 10 *11)
[    0.338618] ACPI: PCI Interrupt Link [LNKB] (IRQs 5 9 *10 11)
[    0.340139] ACPI: PCI Interrupt Link [LNKC] (IRQs 5 *9 10 11)
[    0.341921] ACPI: PCI Interrupt Link [LNKD] (IRQs 5 9 10 *11)
[    0.344656] SCSI subsystem initialized
[    0.346001] pci 0000:00:02.0: vgaarb: setting as boot VGA device
[    0.346001] pci 0000:00:02.0: vgaarb: VGA device added: decodes=io+mem,owns=io+mem,locks=none
[    0.348011] pci 0000:00:02.0: vgaarb: bridge control possible
[    0.352006] vgaarb: loaded
[    0.353077] ACPI: bus type USB registered
[    0.354383] usbcore: registered new interface driver usbfs
[    0.356027] usbcore: registered new interface driver hub
[    0.357525] usbcore: registered new device driver usb
[    0.358970] EDAC MC: Ver: 3.0.0
[    0.360452] PCI: Using ACPI for IRQ routing
[    0.361757] NetLabel: Initializing
[    0.362810] NetLabel:  domain hash size = 128
[    0.364009] NetLabel:  protocols = UNLABELED CIPSOv4 CALIPSO
[    0.366070] NetLabel:  unlabeled traffic allowed by default
[    0.372144] clocksource: Switched to clocksource kvm-clock
[    0.394953] VFS: Disk quotas dquot_6.6.0
[    0.396137] VFS: Dquot-cache hash table entries: 512 (order 0, 4096 bytes)
[    0.397743] AppArmor: AppArmor Filesystem Enabled
[    0.399009] pnp: PnP ACPI init
[    0.401611] pnp: PnP ACPI: found 3 devices
[    0.413592] clocksource: acpi_pm: mask: 0xffffff max_cycles: 0xffffff, max_idle_ns: 2085701024 ns
[    0.416213] NET: Registered protocol family 2
[    0.418156] TCP established hash table entries: 8192 (order: 4, 65536 bytes)
[    0.426634] TCP bind hash table entries: 8192 (order: 5, 131072 bytes)
[    0.430594] TCP: Hash tables configured (established 8192 bind 8192)
[    0.433599] UDP hash table entries: 512 (order: 2, 16384 bytes)
[    0.435122] UDP-Lite hash table entries: 512 (order: 2, 16384 bytes)
[    0.436819] NET: Registered protocol family 1
[    0.438085] pci 0000:00:00.0: Limiting direct PCI/PCI transfers
[    0.439836] pci 0000:00:01.0: Activating ISA DMA hang workarounds
[    0.441637] pci 0000:00:02.0: Video device with shadowed ROM at [mem 0x000c0000-0x000dffff]
[    0.444422] Unpacking initramfs...
[    0.832935] Freeing initrd memory: 19728K
[    0.834476] clocksource: tsc: mask: 0xffffffffffffffff max_cycles: 0x2717880cafa, max_idle_ns: 440795252614 ns
[    0.837751] platform rtc_cmos: registered platform RTC device (no PNP device found)
[    0.840249] Scanning for low memory corruption every 60 seconds
[    0.842797] Initialise system trusted keyrings
[    0.844546] Key type blacklist registered
[    0.846043] workingset: timestamp_bits=36 max_order=18 bucket_order=0
[    0.849771] zbud: loaded
[    0.851655] squashfs: version 4.0 (2009/01/31) Phillip Lougher
[    0.854126] fuse init (API version 7.26)
[    0.859284] Key type asymmetric registered
[    0.860630] Asymmetric key parser 'x509' registered
[    0.862048] Block layer SCSI generic (bsg) driver version 0.4 loaded (major 246)
[    0.864246] io scheduler noop registered
[    0.865749] io scheduler deadline registered
[    0.867209] io scheduler cfq registered (default)
[    0.869416] ACPI: AC Adapter [AC] (on-line)
[    0.870670] input: Power Button as /devices/LNXSYSTM:00/LNXPWRBN:00/input/input0
[    0.873109] ACPI: Power Button [PWRF]
[    0.874263] input: Sleep Button as /devices/LNXSYSTM:00/LNXSLPBN:00/input/input1
[    0.876889] ACPI: Sleep Button [SLPF]
[    0.879990] ACPI: Battery Slot [BAT0] (battery present)
[    0.880306] Serial: 8250/16550 driver, 32 ports, IRQ sharing enabled
[    0.910201] 00:02: ttyS0 at I/O 0x3f8 (irq = 4, base_baud = 115200) is a 16550A
[    0.914733] Linux agpgart interface v0.103
[    0.921682] loop: module loaded
[    0.923783] scsi host0: ata_piix
[    0.925171] scsi host1: ata_piix
[    0.926483] ata1: PATA max UDMA/33 cmd 0x1f0 ctl 0x3f6 bmdma 0xd000 irq 14
[    0.930749] ata2: PATA max UDMA/33 cmd 0x170 ctl 0x376 bmdma 0xd008 irq 15
[    0.932739] libphy: Fixed MDIO Bus: probed
[    0.934370] tun: Universal TUN/TAP device driver, 1.6
[    0.936382] PPP generic driver version 2.4.2
[    0.937662] ehci_hcd: USB 2.0 'Enhanced' Host Controller (EHCI) Driver
[    0.939978] ehci-pci: EHCI PCI platform driver
[    0.941705] ehci-platform: EHCI generic platform driver
[    0.943352] ohci_hcd: USB 1.1 'Open' Host Controller (OHCI) Driver
[    0.945479] ohci-pci: OHCI PCI platform driver
[    0.947097] ohci-platform: OHCI generic platform driver
[    0.949023] uhci_hcd: USB Universal Host Controller Interface driver
[    0.950817] i8042: PNP: PS/2 Controller [PNP0303:PS2K,PNP0f03:PS2M] at 0x60,0x64 irq 1,12
[    0.953828] serio: i8042 KBD port at 0x60,0x64 irq 1
[    0.955613] serio: i8042 AUX port at 0x60,0x64 irq 12
[    0.957657] mousedev: PS/2 mouse device common for all mice
[    0.959840] input: AT Translated Set 2 keyboard as /devices/platform/i8042/serio0/input/input2
[    0.963255] rtc_cmos rtc_cmos: rtc core: registered rtc_cmos as rtc0
[    0.965563] rtc_cmos rtc_cmos: alarms up to one day, 114 bytes nvram
[    0.967746] i2c /dev entries driver
[    0.969002] device-mapper: uevent: version 1.0.3
[    0.970548] device-mapper: ioctl: 4.37.0-ioctl (2017-09-20) initialised: dm-devel@redhat.com
[    0.973064] ledtrig-cpu: registered to indicate activity on CPUs
[    0.975799] NET: Registered protocol family 10
[    0.982584] Segment Routing with IPv6
[    0.984021] NET: Registered protocol family 17
[    0.985824] Key type dns_resolver registered
[    0.987352] mce: Using 0 MCE banks
[    0.994914] RAS: Correctable Errors collector initialized.
[    0.996485] sched_clock: Marking stable (996447233, 0)->(3506398527, -2509951294)
[    0.999851] registered taskstats version 1
[    1.001127] Loading compiled-in X.509 certificates
[    1.005763] Loaded X.509 cert 'Build time autogenerated kernel key: f4f7241365689b0cbe3898188e65e316fd8f978d'
[    1.008632] zswap: loaded using pool lzo/zbud
[    1.014771] Key type big_key registered
[    1.015931] Key type trusted registered
[    1.019640] Key type encrypted registered
[    1.020942] AppArmor: AppArmor sha1 policy hashing enabled
[    1.022893] ima: No TPM chip found, activating TPM-bypass! (rc=-19)
[    1.024661] ima: Allocated hash algorithm: sha1
[    1.026275] evm: HMAC attrs: 0x1
[    1.027929]   Magic number: 15:214:365
[    1.029451] rtc_cmos rtc_cmos: setting system clock to 2019-12-11 05:21:43 UTC (1576041703)
[    1.032552] BIOS EDD facility v0.16 2004-Jun-25, 0 devices found
[    1.034524] EDD information not available.
[    1.107178] Freeing unused kernel image memory: 2428K
[    1.124266] Write protecting the kernel read-only data: 20480k
[    1.126626] Freeing unused kernel image memory: 2008K
[    1.128474] Freeing unused kernel image memory: 1880K
[    1.141606] x86/mm: Checked W+X mappings: passed, no W+X pages found.
[    1.143270] x86/mm: Checking user space page tables
[    1.154316] x86/mm: Checked W+X mappings: passed, no W+X pages found.
Loading, please wait...
starting version 237
[    1.257498] e1000: Intel(R) PRO/1000 Network Driver - version 7.3.21-k8-NAPI
[    1.266120] e1000: Copyright (c) 1999-2006 Intel Corporation.
[    1.272357] Fusion MPT base driver 3.04.20
[    1.273600] Copyright (c) 1999-2008 LSI Corporation
[    1.285761] Fusion MPT SPI Host driver 3.04.20
[    1.313762] AVX2 version of gcm_enc/dec engaged.
[    1.315408] AES CTR mode by8 optimization enabled
[    1.484658] input: ImExPS/2 Generic Explorer Mouse as /devices/platform/i8042/serio1/input/input4
[    1.723528] e1000 0000:00:03.0 eth0: (PCI:33MHz:32-bit) 02:50:d4:3b:43:74
[    1.728112] e1000 0000:00:03.0 eth0: Intel(R) PRO/1000 Network Connection
[    1.736460] mptbase: ioc0: Initiating bringup
[    1.885581] ioc0: LSI53C1030 A0: Capabilities={Initiator}
[    3.337587] scsi host2: ioc0: LSI53C1030 A0, FwRev=00000000h, Ports=1, MaxQ=256, IRQ=20
[    4.245599] scsi 2:0:0:0: Direct-Access     VBOX     HARDDISK         1.0  PQ: 0 ANSI: 5
[    4.360096] scsi target2:0:0: Beginning Domain Validation
[    4.374410] scsi target2:0:0: Domain Validation skipping write tests
[    4.376623] scsi target2:0:0: Ending Domain Validation
[    4.378552] scsi target2:0:0: asynchronous
[    4.380872] scsi 2:0:1:0: Direct-Access     VBOX     HARDDISK         1.0  PQ: 0 ANSI: 5
[    4.621050] scsi target2:0:1: Beginning Domain Validation
[    4.645170] random: fast init done
[    4.914851] scsi target2:0:1: Domain Validation skipping write tests
[    4.925814] random: systemd-udevd: uninitialized urandom read (16 bytes read)
[    4.942256] scsi target2:0:1: Ending Domain Validation
[    4.943907] random: systemd-udevd: uninitialized urandom read (16 bytes read)
[    4.946026] e1000 0000:00:08.0 eth1: (PCI:33MHz:32-bit) 08:00:27:11:4d:f6
[    4.947468] random: systemd-udevd: uninitialized urandom read (16 bytes read)
[    4.971431] e1000 0000:00:08.0 eth1: Intel(R) PRO/1000 Network Connection
[    4.973224] scsi target2:0:1: asynchronous
[    4.977570] e1000 0000:00:03.0 enp0s3: renamed from eth0
[    4.991094] sd 2:0:0:0: [sda] 20971520 512-byte logical blocks: (10.7 GB/10.0 GiB)
[    4.991116] sd 2:0:0:0: Attached scsi generic sg0 type 0
[    4.993782] sd 2:0:0:0: [sda] Write Protect is off
[    5.009158] sd 2:0:1:0: Attached scsi generic sg1 type 0
[    5.011788] sd 2:0:1:0: [sdb] 20480 512-byte logical blocks: (10.5 MB/10.0 MiB)
[    5.013673] e1000 0000:00:08.0 enp0s8: renamed from eth1
[    5.014410] sd 2:0:0:0: [sda] Incomplete mode parameter data
[    5.015038] sd 2:0:1:0: [sdb] Write Protect is off
[    5.016928] sd 2:0:0:0: [sda] Assuming drive cache: write through
[    5.027440] sd 2:0:1:0: [sdb] Incomplete mode parameter data
[    5.029048] sd 2:0:1:0: [sdb] Assuming drive cache: write through
[    5.033890]  sda: sda1
[    5.039909] sd 2:0:0:0: [sda] Attached SCSI disk
[    5.050614] sd 2:0:1:0: [sdb] Attached SCSI disk
Begin: Loading essential drivers ... [    6.728052] raid6: sse2x1   gen() 10075 MB/s
[    6.776814] raid6: sse2x1   xor()  7428 MB/s
[    6.860763] raid6: sse2x2   gen() 12974 MB/s
[    6.916386] raid6: sse2x2   xor()  7682 MB/s
[    6.964241] raid6: sse2x4   gen() 13283 MB/s
[    7.024707] raid6: sse2x4   xor()  7350 MB/s
[    7.072547] raid6: avx2x1   gen() 15353 MB/s
[    7.128182] raid6: avx2x1   xor() 13683 MB/s
[    7.180029] raid6: avx2x2   gen() 25137 MB/s
[    7.228697] raid6: avx2x2   xor() 12947 MB/s
[    7.276519] raid6: avx2x4   gen() 28868 MB/s
[    7.324341] raid6: avx2x4   xor() 17419 MB/s
[    7.325350] raid6: using algorithm avx2x4 gen() 28868 MB/s
[    7.326483] raid6: .... xor() 17419 MB/s, rmw enabled
[    7.327566] raid6: using avx2x2 recovery algorithm
[    7.330156] xor: automatically using best checksumming function   avx       
[    7.333423] async_tx: api initialized (async)
done.
Begin: Running /scripts/init-premount ... done.
Begin: Mounting root file system ... Begin: Running /scripts/local-top ... done.
Begin: Running /scripts/local-premount ... [    7.384782] Btrfs loaded, crc32c=crc32c-intel
Scanning for Btrfs filesystems
done.
Warning: fsck not present, so skipping root file system
[    7.426467] EXT4-fs (sda1): mounted filesystem with ordered data mode. Opts: (null)
done.
Begin: Running /scripts/local-bottom ... done.
Begin: Running /scripts/init-bottom ... done.
[    7.777494] ip_tables: (C) 2000-2006 Netfilter Core Team
[    7.802242] systemd[1]: systemd 237 running in system mode. (+PAM +AUDIT +SELINUX +IMA +APPARMOR +SMACK +SYSVINIT +UTMP +LIBCRYPTSETUP +GCRYPT +GNUTLS +ACL +XZ +LZ4 +SECCOMP +BLKID +ELFUTILS +KMOD -IDN2 +IDN -PCRE2 default-hierarchy=hybrid)
[    7.806606] systemd[1]: Detected virtualization oracle.
[    7.807730] systemd[1]: Detected architecture x86-64.

Welcome to [1mUbuntu 18.04.3 LTS[0m!

[    7.850142] systemd[1]: Set hostname to <client2>.
[    8.460360] systemd[1]: Created slice System Slice.
[[0;32m  OK  [0m] Created slice System Slice.
[    8.474861] systemd[1]: Listening on LVM2 metadata daemon socket.
[[0;32m  OK  [0m] Listening on LVM2 metadata daemon socket.
[    8.483519] systemd[1]: Listening on Journal Socket (/dev/log).
[[0;32m  OK  [0m] Listening on Journal Socket (/dev/log).
[    8.495859] systemd[1]: Reached target User and Group Name Lookups.
[[0;32m  OK  [0m] Reached target User and Group Name Lookups.
[    8.501038] systemd[1]: Listening on Journal Audit Socket.
[[0;32m  OK  [0m] Listening on Journal Audit Socket.
[    8.504433] systemd[1]: Listening on Device-mapper event daemon FIFOs.
[[0;32m  OK  [0m] Listening on Device-mapper event daemon FIFOs.
[[0;32m  OK  [0m] Reached target System Time Synchronized.
[[0;32m  OK  [0m] Created slice system-serial\x2dgetty.slice.
[[0;32m  OK  [0m] Listening on Journal Socket.
         Mounting Kernel Debug File System...
         Starting Uncomplicated firewall...
         Mounting POSIX Message Queue File System...
         Starting Create list of required st…ce nodes for the current kernel...
         Mounting Huge Pages File System...
[[0;32m  OK  [0m] Listening on udev Control Socket.
         Starting Monitoring of LVM2 mirrors…ng dmeventd or progress polling...
[[0;32m  OK  [0m] Created slice User and Session Slice.
[[0;32m  OK  [0m] Reached target Slices.
[[0;32m  OK  [0m] Listening on LVM2 poll daemon socket.
[[0;32m  OK  [0m] Started Forward Password Requests to Wall Directory Watch.
[[0;32m  OK  [0m] Set up automount Arbitrary Executab…rmats File System Automount Point.
         Starting Load Kernel Modules...
[[0;32m  OK  [0m] Reached target Swap.
[[0;32m  OK  [0m] Listening on udev Kernel Socket.
         Starting udev Coldplug all Devices...
[[0;32m  OK  [0m] Listening on /dev/initctl Compatibility Named Pipe.
         Starting Remount Root and Kernel File Systems...
[[0;32m  OK  [0m] Listening on Network Service Netlink Socket.
         Starting Set the console keyboard layout...
[[0;32m  OK  [0m] Listening on Syslog Socket.
         Starting Journal Service...
[[0;32m  OK  [0m] Mounted Kernel Debug File System.
[[0;32m  OK  [0m] Started Uncomplicated firewall.
[[0;32m  OK  [0m] Mounted POSIX Message Queue File System.
[[0;32m  OK  [0m] Started Create list of required sta…vice nodes for the current kernel.
[[0;32m  OK  [0m] Mounted Huge Pages File System.
[[0;32m  OK  [0m] Started LVM2 metadata daemon.
         Starting Create Static Device No[    8.642033] Loading iSCSI transport class v2.0-870.
des in /dev...
[[0;32m  OK  [0m] Started udev Coldplug all Devices.
[[0;32m  OK  [0m] Started Journal Service.
[[0;32m  OK  [0m] Started Create Static Device Nodes in /dev.
[    8.743455] iscsi: registered transport (tcp)
[    8.757570] EXT4-fs (sda1): re-mounted. Opts: (null)
[[0;32m  OK  [0m] Started Remount Root and Kernel File Systems.
         Starting Load/Save Random Seed...
         Starting udev Kernel Device Manager...
         Startin[    8.819768] iscsi: registered transport (iser)
g Flush Journal to Persistent Storage...
[[0;32m  OK  [0m] Started Monitoring of LVM2 mirrors,…sing dmeventd or progress polling.
[[0;32m  OK  [0m] Started Load Kernel Modules.
[[0;32m  OK  [0m] Started Load/Save Random Seed.
         Mounting Kernel Configuration File System...
         Starting Apply Kernel Variables...
         Mounting FUSE Control File System...
[[0;32m  OK  [0m] Mounted Kernel Configuration File System.
[[0;32m  OK  [0m] Mounted FUSE Control File System.
[    8.895552] systemd-journald[403]: Received request to flush runtime journal from PID 1
[[0;32m  OK  [0m] Started udev Kernel Device Manager.
[[0;32m  OK  [0m] Started Apply Kernel Variables.
[[0;32m  OK  [0m] Started Set the console keyboard layout.
[[0;32m  OK  [0m] Started Dispatch Password Requests to Console Directory Watch.
[[0;32m  OK  [0m] Reached target Local Encrypted Volumes.
[[0;32m  OK  [0m] Reached target Local File Systems (Pre).
[[0;32m  OK  [0m] Reached target Local File Systems.
         Starting AppArmor initialization...
         Starting ebtables ruleset management...
         Starting Set console font and keymap...
         Starting Tell Plymouth To Write Out Runtime Data...
[[0;32m  OK  [0m] Started Flush Journal to Persistent Storage.
[[0;32m  OK  [0m] Started Set console font and keymap.
[[0;32m  OK  [0m] Started Tell Plymouth To Write Out Runtime Data.
[[0;32m  OK  [0m] Found device /dev/ttyS0.
         Starting Create Volatile Files and Directories...
[[0;32m  OK  [0m] Started Create Volatile Files and Directories.
         Starting Update UTMP about System Boot/Shutdown...
[[0;32m  OK  [0m] Listening on Load/Save RF Kill Switch Status /dev/rfkill Watch.
[[0;32m  OK  [0m] Started Update UTMP about System Boot/Shutdown.
[[0;32m  OK  [0m] Started ebtables ruleset management.
[[0;32m  OK  [0m] Started AppArmor initialization.
         Starting Initial cloud-init job (pre-networking)...
[   11.767477] cloud-init[569]: Cloud-init v. 19.2-24-ge7881d5c-0ubuntu1~18.04.1 running 'init-local' at Wed, 11 Dec 2019 05:21:53 +0000. Up 11.43 seconds.
[[0;32m  OK  [0m] Started Initial cloud-init job (pre-networking).
[[0;32m  OK  [0m] Reached target Network (Pre).
         Starting Network Service...
[[0;32m  OK  [0m] Started Network Service.
         Starting Network Name Resolution...
         Starting Wait for Network to be Configured...
[[0;32m  OK  [0m] Started Network Name Resolution.
[[0;32m  OK  [0m] Reached target Host and Network Name Lookups.
[[0;32m  OK  [0m] Reached target Network.
[[0;32m  OK  [0m] Started Wait for Network to be Configured.
         Starting Initial cloud-init job (metadata service crawler)...
[   14.872049] cloud-init[665]: Cloud-init v. 19.2-24-ge7881d5c-0ubuntu1~18.04.1 running 'init' at Wed, 11 Dec 2019 05:21:57 +0000. Up 14.59 seconds.
[   14.887658] cloud-init[665]: ci-info: ++++++++++++++++++++++++++++++++++++++Net device info+++++++++++++++++++++++++++++++++++++++
[   14.906578] cloud-init[665]: ci-info: +--------+------+-----------------------------+---------------+--------+-------------------+
[   14.932386] cloud-init[665]: ci-info: | Device |  Up  |           Address           |      Mask     | Scope  |     Hw-Address    |
[   14.942089] cloud-init[665]: ci-info: +--------+------+-----------------------------+---------------+--------+-------------------+
[   14.944734] cloud-init[665]: ci-info: | enp0s3 | True |          10.0.2.15          | 255.255.255.0 | global | 02:50:d4:3b:43:74 |
[   14.947447] cloud-init[665]: ci-info: | enp0s3 | True |  fe80::50:d4ff:fe3b:4374/64 |       .       |  link  | 02:50:d4:3b:43:74 |
[   14.963039] cloud-init[665]: ci-info: | enp0s8 | True |        192.168.33.30        | 255.255.255.0 | global | 08:00:27:11:4d:f6 |
[   15.002323] cloud-init[665]: ci-info: | enp0s8 | True | fe80::a00:27ff:fe11:4df6/64 |       .       |  link  | 08:00:27:11:4d:f6 |
[   15.005006] cloud-init[665]: ci-info: |   lo   | True |          127.0.0.1          |   255.0.0.0   |  host  |         .         |
[   15.008481] cloud-init[665]: ci-info: |   lo   | True |           ::1/128           |       .       |  host  |         .         |
[   15.016036] cloud-init[665]: ci-info: +--------+------+-----------------------------+---------------+--------+-------------------+
[   15.033837] cloud-init[665]: ci-info: +++++++++++++++++++++++++++++Route IPv4 info+++++++++++++++++++++++++++++
[   15.036473] cloud-init[665]: ci-info: +-------+--------------+----------+-----------------+-----------+-------+
[   15.038849] cloud-init[665]: ci-info: | Route | Destination  | Gateway  |     Genmask     | Interface | Flags |
[   15.041765] cloud-init[665]: ci-info: +-------+--------------+----------+-----------------+-----------+-------+
[   15.044702] cloud-init[665]: ci-info: |   0   |   0.0.0.0    | 10.0.2.2 |     0.0.0.0     |   enp0s3  |   UG  |
[   15.047521] cloud-init[665]: ci-info: |   1   |   10.0.2.0   | 0.0.0.0  |  255.255.255.0  |   enp0s3  |   U   |
[   15.064918] cloud-init[665]: ci-info: |   2   |   10.0.2.2   | 0.0.0.0  | 255.255.255.255 |   enp0s3  |   UH  |
[   15.067550] cloud-init[665]: ci-info: |   3   | 192.168.33.0 | 0.0.0.0  |  255.255.255.0  |   enp0s8  |   U   |
[   15.070381] cloud-init[665]: ci-info: +-------+--------------+----------+-----------------+-----------+-------+
[   15.087416] cloud-init[665]: ci-info: +++++++++++++++++++Route IPv6 info+++++++++++++++++++
[   15.090805] cloud-init[665]: ci-info: +-------+-------------+---------+-----------+-------+
[   15.092972] cloud-init[665]: ci-info: | Route | Destination | Gateway | Interface | Flags |
[   15.094958] cloud-init[665]: ci-info: +-------+-------------+---------+-----------+-------+
[   15.096814] cloud-init[665]: ci-info: |   1   |  fe80::/64  |    ::   |   enp0s8  |   U   |
[   15.098709] cloud-init[665]: ci-info: |   2   |  fe80::/64  |    ::   |   enp0s3  |   U   |
[   15.100777] cloud-init[665]: ci-info: |   4   |    local    |    ::   |   enp0s3  |   U   |
[   15.102634] cloud-init[665]: ci-info: |   5   |    local    |    ::   |   enp0s8  |   U   |
[   15.104498] cloud-init[665]: ci-info: |   6   |   ff00::/8  |    ::   |   enp0s8  |   U   |
[   15.106266] cloud-init[665]: ci-info: |   7   |   ff00::/8  |    ::   |   enp0s3  |   U   |
[   15.108091] cloud-init[665]: ci-info: +-------+-------------+---------+-----------+-------+
[[0;32m  OK  [0m] Started Initial cloud-init job (metadata service crawler).
[[0;32m  OK  [0m] Reached target Network is Online.
[[0;32m  OK  [0m] Reached target Remote File Systems (Pre).
[[0;32m  OK  [0m] Reached target Remote File Systems.
         Starting Availability of block devices...
[[0;32m  OK  [0m] Reached target Cloud-config availability.
[[0;32m  OK  [0m] Reached target System Initialization.
         Starting LXD - unix socket.
[[0;32m  OK  [0m] Listening on UUID daemon activation socket.
[[0;32m  OK  [0m] Listening on D-Bus System Message Bus Socket.
[[0;32m  OK  [0m] Started Daily apt download activities.
[[0;32m  OK  [0m] Listening on Open-iSCSI iscsid Socket.
[[0;32m  OK  [0m] Started Discard unused blocks once a week.
[[0;32m  OK  [0m] Started ACPI Events Check.
[[0;32m  OK  [0m] Reached target Paths.
[[0;32m  OK  [0m] Started Daily apt upgrade and clean activities.
[[0;32m  OK  [0m] Started Message of the Day.
[[0;32m  OK  [0m] Listening on ACPID Listen Socket.
         Starting Socket activation for snappy daemon.
[[0;32m  OK  [0m] Started Daily Cleanup of Temporary Directories.
[[0;32m  OK  [0m] Reached target Timers.
[[0;32m  OK  [0m] Started Availability of block devices.
[[0;32m  OK  [0m] Listening on LXD - unix socket.
[[0;32m  OK  [0m] Listening on Socket activation for snappy daemon.
[[0;32m  OK  [0m] Reached target Sockets.
[[0;32m  OK  [0m] Reached target Basic System.
[[0;32m  OK  [0m] Started D-Bus System Message Bus.
         Starting Dispatcher daemon for systemd-networkd...
         Starting LSB: automatic crash report generation...
[[0;32m  OK  [0m] Started FUSE filesystem for LXC.
         Starting System Logging Service...
         Starting Login Service...
[[0;32m  OK  [0m] Started Regular background program processing daemon.
[[0;32m  OK  [0m] Started irqbalance daemon.
[[0;32m  OK  [0m] Started Deferred execution scheduler.
         Starting Accounts Service...
         Starting LSB: Record successful boot for GRUB...
         Starting Virtualbox guest utils...
         Starting Permit User Sessions...
         Starting Snappy daemon...
         Starting OpenBSD Secure Shell server...
         Starting LXD - container startup/shutdown...
[[0;32m  OK  [0m] Started System Logging Service.
[[0;32m  OK  [0m] Started Permit User Sessions.
[[0;32m  OK  [0m] Started Login Service.
[[0;32m  OK  [0m] Started Dispatcher daemon for systemd-networkd.
         Starting Authorization Manager...
[[0;32m  OK  [0m] Started Unattended Upgrades Shutdown.
         Starting Hold until boot process finishes up...
         Starting Terminate Plymouth Boot Screen...
[[0;32m  OK  [0m] Started OpenBSD Secure Shell server.
[[0;32m  OK  [0m] Started Hold until boot process finishes up.
[[0;32m  OK  [0m] Started Terminate Plymouth Boot Screen.
[[0;32m  OK  [0m] Started Serial Getty on ttyS0.
         Starting Set console scheme...
[[0;32m  OK  [0m] Started Authorization Manager.
[[0;32m  OK  [0m] Started Accounts Service.
[[0;32m  OK  [0m] Started Set console scheme.
[[0;32m  OK  [0m] Created slice system-getty.slice.
[[0;32m  OK  [0m] Started Getty on tty1.
[[0;32m  OK  [0m] Reached target Login Prompts.
[[0;32m  OK  [0m] Started LSB: automatic crash report generation.
[[0;32m  OK  [0m] Started Virtualbox guest utils.
[[0;32m  OK  [0m] Started LSB: Record successful boot for GRUB.
[[0;32m  OK  [0m] Created slice User Slice of vagrant.
[[0;32m  OK  [0m] Started Session 1 of user vagrant.
         Starting User Manager for UID 1000...
[[0;32m  OK  [0m] Started Snappy daemon.
         Starting Wait until snapd is fully seeded...
[[0;32m  OK  [0m] Started LXD - container startup/shutdown.
[[0;32m  OK  [0m] Started Wait until snapd is fully seeded.
         Starting Apply the settings specified in cloud-config...
[[0;32m  OK  [0m] Reached target Multi-User System.
[[0;32m  OK  [0m] Reached target Graphical Interface.
         Starting Update UTMP about System Runlevel Changes...
[[0;32m  OK  [0m] Started Update UTMP about System Runlevel Changes.
[[0;32m  OK  [0m] Started User Manager for UID 1000.
[   17.956132] cloud-init[1150]: Cloud-init v. 19.2-24-ge7881d5c-0ubuntu1~18.04.1 running 'modules:config' at Wed, 11 Dec 2019 05:22:00 +0000. Up 17.77 seconds.
[[0;32m  OK  [0m] Started Apply the settings specified in cloud-config.
         Starting Execute cloud user/final scripts...
[   18.883141] cloud-init[1224]: Cloud-init v. 19.2-24-ge7881d5c-0ubuntu1~18.04.1 running 'modules:final' at Wed, 11 Dec 2019 05:22:01 +0000. Up 18.71 seconds.
[   18.892718] cloud-init[1224]: Cloud-init v. 19.2-24-ge7881d5c-0ubuntu1~18.04.1 finished at Wed, 11 Dec 2019 05:22:01 +0000. Datasource DataSourceNoCloud [seed=/dev/sdb][dsmode=net].  Up 18.87 seconds
[[0;32m  OK  [0m] Started Execute cloud user/final scripts.
[[0;32m  OK  [0m] Reached target Cloud-init target.

Ubuntu 18.04.3 LTS client2 ttyS0

client2 login:          Stoppn         Stopping LXD - container startup/shutdown...
         Stopping FUSE filesystem for LXC...
         Stopping Regular background program processing daemon...
         Stopping LSB: automatic crash report generation...
         Stopping Dispatcher daemon for systemd-networkd...
         Stopping D-Bus System Message Bus...
         Stopping LSB: Record successful boot for GRUB...
         Stopping Virtualbox guest utils...
         Stopping irqbalance daemon...
         Stopping System Logging Service...
[[0;32m  OK  [0m] Stopped Apply the settings specified in cloud-config.
[[0;32m  OK  [0m] Stopped target Cloud-config availability.
[[0;32m  OK  [0m] Stopped Wait until snapd is fully seeded.
[[0;32m  OK  [0m] Stopped target Network is Online.
         Stopping OpenBSD Secure Shell server...
[[0;32m  OK  [0m] Stopped target Timers.
[[0;32m  OK  [0m] Stopped Discard unused blocks once a week.
[[0;32m  OK  [0m] Stopped Daily Cleanup of Temporary Directories.
[[0;32m  OK  [0m] Stopped Daily apt upgrade and clean activities.
[[0;32m  OK  [0m] Stopped Daily apt download activities.
[[0;32m  OK  [0m] Stopped Message of the Day.
[[0;32m  OK  [0m] Stopped target System Time Synchronized.
[[0;32m  OK  [0m] Unmounted /var/lib/lxcfs.
[[0;32m  OK  [0m] Stopped Dispatcher daemon for systemd-networkd.
[[0;32m  OK  [0m] Stopped System Logging Service.
[[0;32m  OK  [0m] Stopped Regular background program processing daemon.
[[0;32m  OK  [0m] Stopped irqbalance daemon.
[[0;32m  OK  [0m] Stopped Deferred execution scheduler.
[[0;32m  OK  [0m] Stopped Accounts Service.
[[0;32m  OK  [0m] Stopped OpenBSD Secure Shell server.
[[0;32m  OK  [0m] Stopped Authorization Manager.
[[0;32m  OK  [0m] Stopped Unattended Upgrades Shutdown.
[[0;32m  OK  [0m] Stopped Serial Getty on ttyS0.
[[0;32m  OK  [0m] Stopped Getty on tty1.
[[0;32m  OK  [0m] Stopped User Manager for UID 1000.
[[0;32m  OK  [0m] Stopped Availability of block devices.
[[0;32m  OK  [0m] Stopped D-Bus System Message Bus.
[[0;32m  OK  [0m] Stopped FUSE filesystem for LXC.
[[0;32m  OK  [0m] Stopped Session 3 of user vagrant.
[[0;32m  OK  [0m] Stopped LXD - container startup/shutdown.
[[0;32m  OK  [0m] Removed slice User Slice of vagrant.
[[0;32m  OK  [0m] Removed slice system-getty.slice.
[[0;32m  OK  [0m] Removed slice system-serial\x2dgetty.slice.
         Stopping Permit User Sessions...
         Stopping Login Service...
[[0;32m  OK  [0m] Stopped LSB: automatic crash report generation.
[[0;32m  OK  [0m] Stopped LSB: Record successful boot for GRUB.
[[0;32m  OK  [0m] Stopped Virtualbox guest utils.
[[0;32m  OK  [0m] Stopped Permit User Sessions.
[[0;32m  OK  [0m] Stopped target Network.
         Stopping Network Name Resolution...
[[0;32m  OK  [0m] Stopped target Remote File Systems.
[[0;32m  OK  [0m] Stopped target Remote File Systems (Pre).
[[0;32m  OK  [0m] Stopped Network Name Resolution.
         Stopping Network Service...
[[0;32m  OK  [0m] Stopped Login Service.
[[0;32m  OK  [0m] Stopped target Basic System.
[[0;32m  OK  [0m] Stopped target Slices.
[[0;32m  OK  [0m] Stopped target Sockets.
[[0;32m  OK  [0m] Closed LXD - unix socket.
[[0;32m  OK  [0m] Closed UUID daemon activation socket.
[[0;32m  OK  [0m] Closed Open-iSCSI iscsid Socket.
[[0;32m  OK  [0m] Closed ACPID Listen Socket.
[[0;32m  OK  [0m] Closed Socket activation for snappy daemon.
[[0;32m  OK  [0m] Closed Syslog Socket.
[[0;32m  OK  [0m] Stopped target Paths.
[[0;32m  OK  [0m] Stopped ACPI Events Check.
[[0;32m  OK  [0m] Removed slice User and Session Slice.
[[0;32m  OK  [0m] Stopped target User and Group Name Lookups.
[[0;32m  OK  [0m] Closed D-Bus System Message Bus Socket.
[[0;32m  OK  [0m] Stopped target System Initialization.
[[0;32m  OK  [0m] Stopped target Local Encrypted Volumes.
[[0;32m  OK  [0m] Stopped Dispatch Password Requests to Console Directory Watch.
[[0;32m  OK  [0m] Stopped Forward Password Requests to Wall Directory Watch.
         Stopping Update UTMP about System Boot/Shutdown...
         Stopping Load/Save Random Seed...
[[0;32m  OK  [0m] Stopped Initial cloud-init job (metadata service crawler).
[[0;32m  OK  [0m] Stopped Network Service.
[[0;32m  OK  [0m] Stopped Load/Save Random Seed.
[[0;32m  OK  [0m] Stopped Apply Kernel Variables.
[[0;32m  OK  [0m] Stopped Load Kernel Modules.
[[0;32m  OK  [0m] Stopped target Network (Pre).
[[0;32m  OK  [0m] Stopped Initial cloud-init job (pre-networking).
[[0;32m  OK  [0m] Stopped Update UTMP about System Boot/Shutdown.
[[0;32m  OK  [0m] Stopped Create Volatile Files and Directories.
[[0;32m  OK  [0m] Stopped target Local File Systems.
         Unmounting /vagrant...
         Unmounting /run/user/1000...
[[0;32m  OK  [0m] Unmounted /vagrant.
[[0;32m  OK  [0m] Unmounted /run/user/1000.
[[0;32m  OK  [0m] Stopped target Swap.
[[0;32m  OK  [0m] Reached target Unmount All Filesystems.
[[0;32m  OK  [0m] Stopped target Local File Systems (Pre).
[[0;32m  OK  [0m] Stopped Remount Root and Kernel File Systems.
         Stopping Monitoring of LVM2 mirrors…ng dmeventd or progress polling...
[[0;32m  OK  [0m] Stopped Create Static Device Nodes in /dev.
[[0;32m  OK  [0m] Reached target Shutdown.
[[0;32m  OK  [0m] Reached target Final Step.
         Starting Power-Off...
[[0;32m  OK  [0m] Stopped Monitoring of LVM2 mirrors,…sing dmeventd or progress polling.
         Stopping LVM2 metadata daemon...
[[0;32m  OK  [0m] Stopped LVM2 metadata daemon.
[ 2253.195001] reboot: Power down
